[2025-07-18T15:24:51.231+0000] {taskinstance.py:1087} INFO - Dependencies all met for <TaskInstance: mlops_retrain_pipeline.ingest_data manual__2025-07-18T15:24:49.926335+00:00 [queued]>
[2025-07-18T15:24:51.237+0000] {taskinstance.py:1087} INFO - Dependencies all met for <TaskInstance: mlops_retrain_pipeline.ingest_data manual__2025-07-18T15:24:49.926335+00:00 [queued]>
[2025-07-18T15:24:51.237+0000] {taskinstance.py:1283} INFO - 
--------------------------------------------------------------------------------
[2025-07-18T15:24:51.238+0000] {taskinstance.py:1284} INFO - Starting attempt 1 of 2
[2025-07-18T15:24:51.238+0000] {taskinstance.py:1285} INFO - 
--------------------------------------------------------------------------------
[2025-07-18T15:24:51.247+0000] {taskinstance.py:1304} INFO - Executing <Task(BashOperator): ingest_data> on 2025-07-18 15:24:49.926335+00:00
[2025-07-18T15:24:51.255+0000] {standard_task_runner.py:55} INFO - Started process 215 to run task
[2025-07-18T15:24:51.258+0000] {standard_task_runner.py:82} INFO - Running: ['***', 'tasks', 'run', 'mlops_retrain_pipeline', 'ingest_data', 'manual__2025-07-18T15:24:49.926335+00:00', '--job-id', '3', '--raw', '--subdir', 'DAGS_FOLDER/retrain_dag.py', '--cfg-path', '/tmp/tmpw38c7da_']
[2025-07-18T15:24:51.262+0000] {standard_task_runner.py:83} INFO - Job 3: Subtask ingest_data
[2025-07-18T15:24:51.304+0000] {task_command.py:389} INFO - Running <TaskInstance: mlops_retrain_pipeline.ingest_data manual__2025-07-18T15:24:49.926335+00:00 [running]> on host 25988e3bb701
[2025-07-18T15:24:51.355+0000] {taskinstance.py:1511} INFO - Exporting the following env vars:
AIRFLOW_CTX_DAG_OWNER=***
AIRFLOW_CTX_DAG_ID=mlops_retrain_pipeline
AIRFLOW_CTX_TASK_ID=ingest_data
AIRFLOW_CTX_EXECUTION_DATE=2025-07-18T15:24:49.926335+00:00
AIRFLOW_CTX_TRY_NUMBER=1
AIRFLOW_CTX_DAG_RUN_ID=manual__2025-07-18T15:24:49.926335+00:00
[2025-07-18T15:24:51.358+0000] {subprocess.py:63} INFO - Tmp dir root location: 
 /tmp
[2025-07-18T15:24:51.358+0000] {subprocess.py:75} INFO - Running command: ['/bin/bash', '-c', 'python /app/scripts/ingest.py mode=ingest']
[2025-07-18T15:24:51.366+0000] {subprocess.py:86} INFO - Output:
[2025-07-18T15:24:52.431+0000] {subprocess.py:93} INFO - /app/scripts/ingest.py:5: UserWarning:
[2025-07-18T15:24:52.434+0000] {subprocess.py:93} INFO - The version_base parameter is not specified.
[2025-07-18T15:24:52.435+0000] {subprocess.py:93} INFO - Please specify a compatability version level, or None.
[2025-07-18T15:24:52.435+0000] {subprocess.py:93} INFO - Will assume defaults for version 1.1
[2025-07-18T15:24:52.435+0000] {subprocess.py:93} INFO -   @hydra.main(config_path="../config", config_name="config")
[2025-07-18T15:24:52.564+0000] {subprocess.py:93} INFO - /home/***/.local/lib/python3.9/site-packages/hydra/_internal/hydra.py:119: UserWarning: Future Hydra versions will no longer change working directory at job runtime by default.
[2025-07-18T15:24:52.566+0000] {subprocess.py:93} INFO - See https://hydra.cc/docs/1.2/upgrades/1.1_to_1.2/changes_to_job_working_dir/ for more information.
[2025-07-18T15:24:52.567+0000] {subprocess.py:93} INFO -   ret = run_job(
[2025-07-18T15:24:54.310+0000] {subprocess.py:93} INFO - Fetching Adult dataset from OpenML...
[2025-07-18T15:24:54.314+0000] {subprocess.py:93} INFO - ✔ Raw data saved to data/raw/adult.csv
[2025-07-18T15:24:54.481+0000] {subprocess.py:97} INFO - Command exited with return code 0
[2025-07-18T15:24:54.506+0000] {taskinstance.py:1322} INFO - Marking task as SUCCESS. dag_id=mlops_retrain_pipeline, task_id=ingest_data, execution_date=20250718T152449, start_date=20250718T152451, end_date=20250718T152454
[2025-07-18T15:24:54.604+0000] {local_task_job.py:159} INFO - Task exited with return code 0
[2025-07-18T15:24:54.644+0000] {taskinstance.py:2582} INFO - 1 downstream tasks scheduled from follow-on schedule check
