[2025-07-21T00:00:01.002+0000] {taskinstance.py:1087} INFO - Dependencies all met for <TaskInstance: mlops_retrain_pipeline.ingest_data scheduled__2025-07-20T00:00:00+00:00 [queued]>
[2025-07-21T00:00:01.007+0000] {taskinstance.py:1087} INFO - Dependencies all met for <TaskInstance: mlops_retrain_pipeline.ingest_data scheduled__2025-07-20T00:00:00+00:00 [queued]>
[2025-07-21T00:00:01.007+0000] {taskinstance.py:1283} INFO - 
--------------------------------------------------------------------------------
[2025-07-21T00:00:01.007+0000] {taskinstance.py:1284} INFO - Starting attempt 1 of 2
[2025-07-21T00:00:01.007+0000] {taskinstance.py:1285} INFO - 
--------------------------------------------------------------------------------
[2025-07-21T00:00:01.013+0000] {taskinstance.py:1304} INFO - Executing <Task(BashOperator): ingest_data> on 2025-07-20 00:00:00+00:00
[2025-07-21T00:00:01.016+0000] {standard_task_runner.py:55} INFO - Started process 4828 to run task
[2025-07-21T00:00:01.022+0000] {standard_task_runner.py:82} INFO - Running: ['***', 'tasks', 'run', 'mlops_retrain_pipeline', 'ingest_data', 'scheduled__2025-07-20T00:00:00+00:00', '--job-id', '14', '--raw', '--subdir', 'DAGS_FOLDER/retrain_dag.py', '--cfg-path', '/tmp/tmpcg9qwoj8']
[2025-07-21T00:00:01.025+0000] {standard_task_runner.py:83} INFO - Job 14: Subtask ingest_data
[2025-07-21T00:00:01.075+0000] {task_command.py:389} INFO - Running <TaskInstance: mlops_retrain_pipeline.ingest_data scheduled__2025-07-20T00:00:00+00:00 [running]> on host e1a2c151e318
[2025-07-21T00:00:01.112+0000] {taskinstance.py:1511} INFO - Exporting the following env vars:
AIRFLOW_CTX_DAG_OWNER=***
AIRFLOW_CTX_DAG_ID=mlops_retrain_pipeline
AIRFLOW_CTX_TASK_ID=ingest_data
AIRFLOW_CTX_EXECUTION_DATE=2025-07-20T00:00:00+00:00
AIRFLOW_CTX_TRY_NUMBER=1
AIRFLOW_CTX_DAG_RUN_ID=scheduled__2025-07-20T00:00:00+00:00
[2025-07-21T00:00:01.113+0000] {subprocess.py:63} INFO - Tmp dir root location: 
 /tmp
[2025-07-21T00:00:01.114+0000] {subprocess.py:75} INFO - Running command: ['/bin/bash', '-c', 'python /app/scripts/ingest.py mode=ingest']
[2025-07-21T00:00:01.121+0000] {subprocess.py:86} INFO - Output:
[2025-07-21T00:00:02.129+0000] {subprocess.py:93} INFO - /app/scripts/ingest.py:5: UserWarning:
[2025-07-21T00:00:02.130+0000] {subprocess.py:93} INFO - The version_base parameter is not specified.
[2025-07-21T00:00:02.130+0000] {subprocess.py:93} INFO - Please specify a compatability version level, or None.
[2025-07-21T00:00:02.130+0000] {subprocess.py:93} INFO - Will assume defaults for version 1.1
[2025-07-21T00:00:02.130+0000] {subprocess.py:93} INFO -   @hydra.main(config_path="../config", config_name="config")
[2025-07-21T00:00:02.238+0000] {subprocess.py:93} INFO - /home/***/.local/lib/python3.9/site-packages/hydra/_internal/hydra.py:119: UserWarning: Future Hydra versions will no longer change working directory at job runtime by default.
[2025-07-21T00:00:02.239+0000] {subprocess.py:93} INFO - See https://hydra.cc/docs/1.2/upgrades/1.1_to_1.2/changes_to_job_working_dir/ for more information.
[2025-07-21T00:00:02.239+0000] {subprocess.py:93} INFO -   ret = run_job(
[2025-07-21T00:00:02.442+0000] {subprocess.py:93} INFO - Fetching Adult dataset from OpenML...
[2025-07-21T00:00:02.442+0000] {subprocess.py:93} INFO - ✔ Raw data saved to data/raw/adult.csv
[2025-07-21T00:00:02.530+0000] {subprocess.py:97} INFO - Command exited with return code 0
[2025-07-21T00:00:02.547+0000] {taskinstance.py:1322} INFO - Marking task as SUCCESS. dag_id=mlops_retrain_pipeline, task_id=ingest_data, execution_date=20250720T000000, start_date=20250721T000001, end_date=20250721T000002
[2025-07-21T00:00:02.590+0000] {local_task_job.py:159} INFO - Task exited with return code 0
[2025-07-21T00:00:02.608+0000] {taskinstance.py:2582} INFO - 1 downstream tasks scheduled from follow-on schedule check
[2025-07-21T08:07:39.417+0000] {taskinstance.py:1087} INFO - Dependencies all met for <TaskInstance: mlops_retrain_pipeline.ingest_data scheduled__2025-07-20T00:00:00+00:00 [queued]>
[2025-07-21T08:07:39.435+0000] {taskinstance.py:1087} INFO - Dependencies all met for <TaskInstance: mlops_retrain_pipeline.ingest_data scheduled__2025-07-20T00:00:00+00:00 [queued]>
[2025-07-21T08:07:39.436+0000] {taskinstance.py:1283} INFO - 
--------------------------------------------------------------------------------
[2025-07-21T08:07:39.438+0000] {taskinstance.py:1284} INFO - Starting attempt 1 of 2
[2025-07-21T08:07:39.439+0000] {taskinstance.py:1285} INFO - 
--------------------------------------------------------------------------------
[2025-07-21T08:07:39.497+0000] {taskinstance.py:1304} INFO - Executing <Task(BashOperator): ingest_data> on 2025-07-20 00:00:00+00:00
[2025-07-21T08:07:39.512+0000] {standard_task_runner.py:55} INFO - Started process 215 to run task
[2025-07-21T08:07:39.522+0000] {standard_task_runner.py:82} INFO - Running: ['***', 'tasks', 'run', 'mlops_retrain_pipeline', 'ingest_data', 'scheduled__2025-07-20T00:00:00+00:00', '--job-id', '2', '--raw', '--subdir', 'DAGS_FOLDER/retrain_dag.py', '--cfg-path', '/tmp/tmp673jmn3e']
[2025-07-21T08:07:39.532+0000] {standard_task_runner.py:83} INFO - Job 2: Subtask ingest_data
[2025-07-21T08:07:39.735+0000] {task_command.py:389} INFO - Running <TaskInstance: mlops_retrain_pipeline.ingest_data scheduled__2025-07-20T00:00:00+00:00 [running]> on host af0370c7b194
[2025-07-21T08:07:39.857+0000] {taskinstance.py:1511} INFO - Exporting the following env vars:
AIRFLOW_CTX_DAG_OWNER=***
AIRFLOW_CTX_DAG_ID=mlops_retrain_pipeline
AIRFLOW_CTX_TASK_ID=ingest_data
AIRFLOW_CTX_EXECUTION_DATE=2025-07-20T00:00:00+00:00
AIRFLOW_CTX_TRY_NUMBER=1
AIRFLOW_CTX_DAG_RUN_ID=scheduled__2025-07-20T00:00:00+00:00
[2025-07-21T08:07:39.862+0000] {subprocess.py:63} INFO - Tmp dir root location: 
 /tmp
[2025-07-21T08:07:39.862+0000] {subprocess.py:75} INFO - Running command: ['/bin/bash', '-c', 'python /app/scripts/ingest.py mode=ingest']
[2025-07-21T08:07:39.879+0000] {subprocess.py:86} INFO - Output:
[2025-07-21T08:07:41.699+0000] {subprocess.py:93} INFO - /app/scripts/ingest.py:5: UserWarning:
[2025-07-21T08:07:41.701+0000] {subprocess.py:93} INFO - The version_base parameter is not specified.
[2025-07-21T08:07:41.702+0000] {subprocess.py:93} INFO - Please specify a compatability version level, or None.
[2025-07-21T08:07:41.706+0000] {subprocess.py:93} INFO - Will assume defaults for version 1.1
[2025-07-21T08:07:41.707+0000] {subprocess.py:93} INFO -   @hydra.main(config_path="../config", config_name="config")
[2025-07-21T08:07:42.049+0000] {subprocess.py:93} INFO - /home/***/.local/lib/python3.9/site-packages/hydra/_internal/hydra.py:119: UserWarning: Future Hydra versions will no longer change working directory at job runtime by default.
[2025-07-21T08:07:42.050+0000] {subprocess.py:93} INFO - See https://hydra.cc/docs/1.2/upgrades/1.1_to_1.2/changes_to_job_working_dir/ for more information.
[2025-07-21T08:07:42.052+0000] {subprocess.py:93} INFO -   ret = run_job(
[2025-07-21T08:07:43.935+0000] {subprocess.py:93} INFO - Fetching Adult dataset from OpenML...
[2025-07-21T08:07:43.958+0000] {subprocess.py:93} INFO - ✔ Raw data saved to data/raw/adult.csv
[2025-07-21T08:07:44.361+0000] {subprocess.py:97} INFO - Command exited with return code 0
[2025-07-21T08:07:44.430+0000] {taskinstance.py:1322} INFO - Marking task as SUCCESS. dag_id=mlops_retrain_pipeline, task_id=ingest_data, execution_date=20250720T000000, start_date=20250721T080739, end_date=20250721T080744
[2025-07-21T08:07:44.493+0000] {local_task_job.py:159} INFO - Task exited with return code 0
[2025-07-21T08:07:44.545+0000] {taskinstance.py:2582} INFO - 1 downstream tasks scheduled from follow-on schedule check
[2025-07-21T12:26:07.602+0000] {taskinstance.py:1087} INFO - Dependencies all met for <TaskInstance: mlops_retrain_pipeline.ingest_data scheduled__2025-07-20T00:00:00+00:00 [queued]>
[2025-07-21T12:26:07.616+0000] {taskinstance.py:1087} INFO - Dependencies all met for <TaskInstance: mlops_retrain_pipeline.ingest_data scheduled__2025-07-20T00:00:00+00:00 [queued]>
[2025-07-21T12:26:07.617+0000] {taskinstance.py:1283} INFO - 
--------------------------------------------------------------------------------
[2025-07-21T12:26:07.618+0000] {taskinstance.py:1284} INFO - Starting attempt 1 of 2
[2025-07-21T12:26:07.621+0000] {taskinstance.py:1285} INFO - 
--------------------------------------------------------------------------------
[2025-07-21T12:26:07.644+0000] {taskinstance.py:1304} INFO - Executing <Task(BashOperator): ingest_data> on 2025-07-20 00:00:00+00:00
[2025-07-21T12:26:07.651+0000] {standard_task_runner.py:55} INFO - Started process 216 to run task
[2025-07-21T12:26:07.657+0000] {standard_task_runner.py:82} INFO - Running: ['***', 'tasks', 'run', 'mlops_retrain_pipeline', 'ingest_data', 'scheduled__2025-07-20T00:00:00+00:00', '--job-id', '2', '--raw', '--subdir', 'DAGS_FOLDER/retrain_dag.py', '--cfg-path', '/tmp/tmp1qpgxl35']
[2025-07-21T12:26:07.661+0000] {standard_task_runner.py:83} INFO - Job 2: Subtask ingest_data
[2025-07-21T12:26:07.757+0000] {task_command.py:389} INFO - Running <TaskInstance: mlops_retrain_pipeline.ingest_data scheduled__2025-07-20T00:00:00+00:00 [running]> on host a2f2a0c4e76e
[2025-07-21T12:26:07.866+0000] {taskinstance.py:1511} INFO - Exporting the following env vars:
AIRFLOW_CTX_DAG_OWNER=***
AIRFLOW_CTX_DAG_ID=mlops_retrain_pipeline
AIRFLOW_CTX_TASK_ID=ingest_data
AIRFLOW_CTX_EXECUTION_DATE=2025-07-20T00:00:00+00:00
AIRFLOW_CTX_TRY_NUMBER=1
AIRFLOW_CTX_DAG_RUN_ID=scheduled__2025-07-20T00:00:00+00:00
[2025-07-21T12:26:07.868+0000] {subprocess.py:63} INFO - Tmp dir root location: 
 /tmp
[2025-07-21T12:26:07.871+0000] {subprocess.py:75} INFO - Running command: ['/bin/bash', '-c', 'python /app/scripts/ingest.py mode=ingest']
[2025-07-21T12:26:07.885+0000] {subprocess.py:86} INFO - Output:
[2025-07-21T12:26:09.042+0000] {subprocess.py:93} INFO - /app/scripts/ingest.py:5: UserWarning:
[2025-07-21T12:26:09.042+0000] {subprocess.py:93} INFO - The version_base parameter is not specified.
[2025-07-21T12:26:09.042+0000] {subprocess.py:93} INFO - Please specify a compatability version level, or None.
[2025-07-21T12:26:09.043+0000] {subprocess.py:93} INFO - Will assume defaults for version 1.1
[2025-07-21T12:26:09.043+0000] {subprocess.py:93} INFO -   @hydra.main(config_path="../config", config_name="config")
[2025-07-21T12:26:09.153+0000] {subprocess.py:93} INFO - /home/***/.local/lib/python3.9/site-packages/hydra/_internal/hydra.py:119: UserWarning: Future Hydra versions will no longer change working directory at job runtime by default.
[2025-07-21T12:26:09.153+0000] {subprocess.py:93} INFO - See https://hydra.cc/docs/1.2/upgrades/1.1_to_1.2/changes_to_job_working_dir/ for more information.
[2025-07-21T12:26:09.153+0000] {subprocess.py:93} INFO -   ret = run_job(
[2025-07-21T12:26:10.679+0000] {subprocess.py:93} INFO - Fetching Adult dataset from OpenML...
[2025-07-21T12:26:10.681+0000] {subprocess.py:93} INFO - ✔ Raw data saved to data/raw/adult.csv
[2025-07-21T12:26:10.934+0000] {subprocess.py:97} INFO - Command exited with return code 0
[2025-07-21T12:26:11.065+0000] {taskinstance.py:1322} INFO - Marking task as SUCCESS. dag_id=mlops_retrain_pipeline, task_id=ingest_data, execution_date=20250720T000000, start_date=20250721T122607, end_date=20250721T122611
[2025-07-21T12:26:11.104+0000] {local_task_job.py:159} INFO - Task exited with return code 0
[2025-07-21T12:26:11.131+0000] {taskinstance.py:2582} INFO - 1 downstream tasks scheduled from follow-on schedule check
