[2025-07-18T11:52:19.806+0000] {taskinstance.py:1087} INFO - Dependencies all met for <TaskInstance: mlops_retrain_pipeline.ingest_data manual__2025-07-18T11:52:18.862545+00:00 [queued]>
[2025-07-18T11:52:19.816+0000] {taskinstance.py:1087} INFO - Dependencies all met for <TaskInstance: mlops_retrain_pipeline.ingest_data manual__2025-07-18T11:52:18.862545+00:00 [queued]>
[2025-07-18T11:52:19.816+0000] {taskinstance.py:1283} INFO - 
--------------------------------------------------------------------------------
[2025-07-18T11:52:19.818+0000] {taskinstance.py:1284} INFO - Starting attempt 1 of 2
[2025-07-18T11:52:19.819+0000] {taskinstance.py:1285} INFO - 
--------------------------------------------------------------------------------
[2025-07-18T11:52:19.829+0000] {taskinstance.py:1304} INFO - Executing <Task(BashOperator): ingest_data> on 2025-07-18 11:52:18.862545+00:00
[2025-07-18T11:52:19.833+0000] {standard_task_runner.py:55} INFO - Started process 176 to run task
[2025-07-18T11:52:19.835+0000] {standard_task_runner.py:82} INFO - Running: ['***', 'tasks', 'run', 'mlops_retrain_pipeline', 'ingest_data', 'manual__2025-07-18T11:52:18.862545+00:00', '--job-id', '3', '--raw', '--subdir', 'DAGS_FOLDER/retrain_dag.py', '--cfg-path', '/tmp/tmpqn95luaa']
[2025-07-18T11:52:19.837+0000] {standard_task_runner.py:83} INFO - Job 3: Subtask ingest_data
[2025-07-18T11:52:19.882+0000] {task_command.py:389} INFO - Running <TaskInstance: mlops_retrain_pipeline.ingest_data manual__2025-07-18T11:52:18.862545+00:00 [running]> on host 516d570cb05f
[2025-07-18T11:52:19.920+0000] {taskinstance.py:1511} INFO - Exporting the following env vars:
AIRFLOW_CTX_DAG_OWNER=***
AIRFLOW_CTX_DAG_ID=mlops_retrain_pipeline
AIRFLOW_CTX_TASK_ID=ingest_data
AIRFLOW_CTX_EXECUTION_DATE=2025-07-18T11:52:18.862545+00:00
AIRFLOW_CTX_TRY_NUMBER=1
AIRFLOW_CTX_DAG_RUN_ID=manual__2025-07-18T11:52:18.862545+00:00
[2025-07-18T11:52:19.921+0000] {subprocess.py:63} INFO - Tmp dir root location: 
 /tmp
[2025-07-18T11:52:19.922+0000] {subprocess.py:75} INFO - Running command: ['/bin/bash', '-c', 'python /app/scripts/ingest.py mode=ingest']
[2025-07-18T11:52:19.929+0000] {subprocess.py:86} INFO - Output:
[2025-07-18T11:52:20.768+0000] {subprocess.py:93} INFO - /app/scripts/ingest.py:5: UserWarning:
[2025-07-18T11:52:20.769+0000] {subprocess.py:93} INFO - The version_base parameter is not specified.
[2025-07-18T11:52:20.769+0000] {subprocess.py:93} INFO - Please specify a compatability version level, or None.
[2025-07-18T11:52:20.769+0000] {subprocess.py:93} INFO - Will assume defaults for version 1.1
[2025-07-18T11:52:20.769+0000] {subprocess.py:93} INFO -   @hydra.main(config_path="../config", config_name="config")
[2025-07-18T11:52:20.809+0000] {subprocess.py:93} INFO - Primary config directory not found.
[2025-07-18T11:52:20.809+0000] {subprocess.py:93} INFO - Check that the config directory '/app/config' exists and readable
[2025-07-18T11:52:20.809+0000] {subprocess.py:93} INFO - 
[2025-07-18T11:52:20.809+0000] {subprocess.py:93} INFO - Set the environment variable HYDRA_FULL_ERROR=1 for a complete stack trace.
[2025-07-18T11:52:20.908+0000] {subprocess.py:97} INFO - Command exited with return code 1
[2025-07-18T11:52:20.917+0000] {taskinstance.py:1772} ERROR - Task failed with exception
Traceback (most recent call last):
  File "/home/airflow/.local/lib/python3.9/site-packages/airflow/operators/bash.py", line 196, in execute
    raise AirflowException(
airflow.exceptions.AirflowException: Bash command failed. The command returned a non-zero exit code 1.
[2025-07-18T11:52:20.921+0000] {taskinstance.py:1322} INFO - Marking task as UP_FOR_RETRY. dag_id=mlops_retrain_pipeline, task_id=ingest_data, execution_date=20250718T115218, start_date=20250718T115219, end_date=20250718T115220
[2025-07-18T11:52:20.936+0000] {standard_task_runner.py:100} ERROR - Failed to execute job 3 for task ingest_data (Bash command failed. The command returned a non-zero exit code 1.; 176)
[2025-07-18T11:52:20.970+0000] {local_task_job.py:159} INFO - Task exited with return code 1
[2025-07-18T11:52:20.998+0000] {taskinstance.py:2582} INFO - 0 downstream tasks scheduled from follow-on schedule check
